<?xml version="1.0" encoding="UTF-8"?>
<testng-results ignored="0" total="1" passed="1" failed="0" skipped="0">
  <reporter-output>
    <line>
      <![CDATA[Successfully Launched Chrome Browser]]>
    </line>
    <line>
      <![CDATA[Browser window is maximized successfully]]>
    </line>
  </reporter-output>
  <suite started-at="2022-03-02T21:30:27 IST" name="Default suite" finished-at="2022-03-02T21:31:29 IST" duration-ms="62078">
    <groups>
    </groups>
    <test started-at="2022-03-02T21:30:27 IST" name="Default test" finished-at="2022-03-02T21:31:29 IST" duration-ms="62078">
      <class name="users.Tc_003">
        <test-method is-config="true" signature="openTheBrowser(java.lang.String)[pri:0, instance:users.Tc_003@69e1dd28]" started-at="2022-03-02T21:30:27 IST" name="openTheBrowser" finished-at="2022-03-02T21:30:32 IST" duration-ms="5200" status="PASS">
          <params>
            <param index="0">
              <value>
                <![CDATA[chrome]]>
              </value>
            </param>
          </params>
          <reporter-output>
            <line>
              <![CDATA[Successfully Launched Chrome Browser]]>
            </line>
            <line>
              <![CDATA[Browser window is maximized successfully]]>
            </line>
          </reporter-output>
        </test-method> <!-- openTheBrowser -->
        <test-method is-config="true" signature="loginToApplication()[pri:0, instance:users.Tc_003@69e1dd28]" started-at="2022-03-02T21:30:32 IST" name="loginToApplication" finished-at="2022-03-02T21:30:45 IST" duration-ms="12285" status="PASS">
          <reporter-output>
          </reporter-output>
        </test-method> <!-- loginToApplication -->
        <test-method signature="Tc_02()[pri:0, instance:users.Tc_003@69e1dd28]" started-at="2022-03-02T21:30:45 IST" name="Tc_02" finished-at="2022-03-02T21:31:28 IST" duration-ms="43248" status="PASS">
          <reporter-output>
          </reporter-output>
        </test-method> <!-- Tc_02 -->
        <test-method is-config="true" signature="closeTheBrowser()[pri:0, instance:users.Tc_003@69e1dd28]" started-at="2022-03-02T21:31:28 IST" name="closeTheBrowser" finished-at="2022-03-02T21:31:29 IST" duration-ms="1220" status="PASS">
          <reporter-output>
          </reporter-output>
        </test-method> <!-- closeTheBrowser -->
      </class> <!-- users.Tc_003 -->
    </test> <!-- Default test -->
  </suite> <!-- Default suite -->
</testng-results>
